C51 COMPILER V9.56.0.0   MAIN                                                              05/25/2017 04:06:18 PAGE 1   


C51 COMPILER V9.56.0.0, COMPILATION OF MODULE MAIN
OBJECT MODULE PLACED IN .\Objects\main.obj
COMPILER INVOKED BY: C:\Keil_v5\C51\BIN\C51.EXE main.c OPTIMIZE(8,SPEED) BROWSE DEBUG OBJECTEXTEND PRINT(.\Listings\main
                    -.lst) TABS(2) OBJECT(.\Objects\main.obj)

line level    source

   1          #include <at89c51xd2.h>
   2          
   3          sbit LED = P2^0;
   4          sbit ERROR = P2^1;
   5          
   6          int count = 0;
   7          
   8          unsigned char pass[4] = {3,9,0,5};
   9          unsigned char result[4];
  10          
  11          void delay(void)
  12          {
  13   1        int i,j;
  14   1        for(i = 0; i < 1000; i++)
  15   1        {
  16   2          for(j = 0; j < 1000; j++) ;
  17   2        }
  18   1      }
  19          
  20          int checkPass(void)
  21          {
  22   1        if(result[count - 1] == pass[count - 1])
  23   1          return 1;
  24   1        return 0;
  25   1      }
  26          
  27          void external_interrupt (void) interrupt 0
  28          {
  29   1        unsigned char temp;
  30   1        
  31   1        temp = P1 & 0x0F;
  32   1        
  33   1        if(temp == 0x0A)
  34   1          temp = 0x00;
  35   1        
  36   1        result[count] = temp;
  37   1        
  38   1        if(result[count] != pass[count])
  39   1        {
  40   2          ERROR = 1;
  41   2          delay();
  42   2          ERROR = 0;
  43   2        }
  44   1        else
  45   1          count++;   
  46   1        
  47   1      }
  48          
  49          void main (void)
  50          {
  51   1        int res;
  52   1        
  53   1        P1 = 0xFF;
  54   1        
C51 COMPILER V9.56.0.0   MAIN                                                              05/25/2017 04:06:18 PAGE 2   

  55   1        IT0 = 1;                      
  56   1        EX0 = 1;                      
  57   1        EA = 1;                      
  58   1        
  59   1        LED = 0;
  60   1        ERROR = 0;
  61   1        
  62   1        while (1)
  63   1        {
  64   2            if(count == 4)
  65   2            { 
  66   3              res = checkPass();
  67   3              
  68   3              if(res)
  69   3                LED = 1;
  70   3              
  71   3              delay();
  72   3              LED = 0;
  73   3              count = 0;
  74   3            }
  75   2        }
  76   1      }


MODULE INFORMATION:   STATIC OVERLAYABLE
   CODE SIZE        =    178    ----
   CONSTANT SIZE    =   ----    ----
   XDATA SIZE       =   ----    ----
   PDATA SIZE       =   ----    ----
   DATA SIZE        =     10    ----
   IDATA SIZE       =   ----    ----
   BIT SIZE         =   ----    ----
END OF MODULE INFORMATION.


C51 COMPILATION COMPLETE.  0 WARNING(S),  0 ERROR(S)
