C51 COMPILER V9.56.0.0   MAIN                                                              04/24/2017 19:16:37 PAGE 1   


C51 COMPILER V9.56.0.0, COMPILATION OF MODULE MAIN
OBJECT MODULE PLACED IN .\Objects\main.obj
COMPILER INVOKED BY: C:\Keil_v5\C51\BIN\C51.EXE main.c OPTIMIZE(0,SPEED) BROWSE DEBUG OBJECTEXTEND PRINT(.\Listings\main
                    -.lst) TABS(2) OBJECT(.\Objects\main.obj)

line level    source

   1          #include <at89c51xd2.h>
   2          #include <stdio.h>
   3          #include <math.h>
   4          
   5          sbit LED = P2^0;
   6          sbit ERROR = P2^6;
   7          sbit SW = P2^7;
   8          
   9          void timer_delay(int t)
  10          {  
  11   1          t = 65536 - t;
  12   1          TL0 = t & 0x00FF;
  13   1          TH0 = (t & 0xFF00) >> 8;
  14   1          TR0 = 1;
  15   1          while(TF0 == 0);
  16   1          TR0 = 0;
  17   1          TF0 = 0;
  18   1      }
  19          
  20          int convert_BCD()
  21          {   unsigned char number; 
  22   1          unsigned char nLow = 0;
  23   1          unsigned char nHigh = 0;
  24   1          nLow = (P1 & 0x0F);
  25   1          nHigh = (P1 & 0xF0) >> 4;
  26   1        if (nLow > 9 || nHigh > 9) 
  27   1          {
  28   2            ERROR = 0;
  29   2            return 0;
  30   2          }
  31   1          ERROR = 1;
  32   1          number = nHigh*10 + nLow;
  33   1          return number;
  34   1        
  35   1      }
  36          
  37          void main()
  38          {
  39   1         int cycleTime = 35;
  40   1         int input;
  41   1      
  42   1         P3 = 0x00;
  43   1         SW = 1;
  44   1         LED = 1;           // Turn off LED
  45   1         P1 = 0xFF;         // Set Port 1 as Input
  46   1         TMOD = 0x01;       //setup Timer 0 Mode 1
  47   1         while( 1 )
  48   1         {
  49   2            while(SW == 0)
  50   2            {
  51   3              input = convert_BCD();
  52   3              if(input == 0)
  53   3              {LED=0;break;}
  54   3              LED = 1;
C51 COMPILER V9.56.0.0   MAIN                                                              04/24/2017 19:16:37 PAGE 2   

  55   3              timer_delay((input * cycleTime));
  56   3              LED = 0;
  57   3              timer_delay(((100 - input) * cycleTime)); 
  58   3            }
  59   2                 
  60   2        }
  61   1      }


MODULE INFORMATION:   STATIC OVERLAYABLE
   CODE SIZE        =    188    ----
   CONSTANT SIZE    =   ----    ----
   XDATA SIZE       =   ----    ----
   PDATA SIZE       =   ----    ----
   DATA SIZE        =      9    ----
   IDATA SIZE       =   ----    ----
   BIT SIZE         =   ----    ----
END OF MODULE INFORMATION.


C51 COMPILATION COMPLETE.  0 WARNING(S),  0 ERROR(S)
